{"level":"\u001b[32minfo\u001b[39m","message":"{\"method\":\"GET\",\"url\":\"/api/user\",\"status\":\"200\",\"responseTime\":\"254.219\"}","timestamp":"2024-06-18T13:21:26.792Z"}
{"level":"\u001b[32minfo\u001b[39m","message":"{\"method\":\"GET\",\"url\":\"/api/posts/663c5a5ed4d2496be9c558b9?page=1&limit=22\",\"status\":\"200\",\"responseTime\":\"257.246\"}","timestamp":"2024-06-18T13:21:27.900Z"}
{"level":"\u001b[32minfo\u001b[39m","message":"{\"method\":\"POST\",\"url\":\"/api/like\",\"status\":\"200\",\"responseTime\":\"841.298\"}","timestamp":"2024-06-18T13:24:43.946Z"}
{"level":"\u001b[32minfo\u001b[39m","message":"{\"method\":\"DELETE\",\"url\":\"/api/unLike?postId=6640b7c7e0cfdcdc6d645793&commentId=undefined\",\"status\":\"200\",\"responseTime\":\"232.168\"}","timestamp":"2024-06-18T13:24:52.929Z"}
{"level":"\u001b[32minfo\u001b[39m","message":"{\"method\":\"GET\",\"url\":\"/api/comments/6640c6a9e0cfdcdc6d64582b\",\"status\":\"200\",\"responseTime\":\"352.310\"}","timestamp":"2024-06-18T13:25:22.838Z"}
{"level":"\u001b[32minfo\u001b[39m","message":"{\"method\":\"GET\",\"url\":\"/api/posts/663c5a5ed4d2496be9c558b9?page=1&limit=22\",\"status\":\"200\",\"responseTime\":\"245.816\"}","timestamp":"2024-06-18T13:29:19.712Z"}
{"level":"\u001b[32minfo\u001b[39m","message":"{\"method\":\"GET\",\"url\":\"/api/posts?page=6\",\"status\":\"200\",\"responseTime\":\"1402.481\"}","timestamp":"2024-06-18T13:30:20.155Z"}
{"level":"\u001b[32minfo\u001b[39m","message":"{\"method\":\"GET\",\"url\":\"/api/posts?page=6\",\"status\":\"304\",\"responseTime\":\"912.191\"}","timestamp":"2024-06-18T13:30:23.229Z"}
{"level":"\u001b[32minfo\u001b[39m","message":"{\"method\":\"GET\",\"url\":\"/api/posts?page=6\",\"status\":\"304\",\"responseTime\":\"944.548\"}","timestamp":"2024-06-18T13:30:27.176Z"}
{"level":"\u001b[32minfo\u001b[39m","message":"{\"method\":\"GET\",\"url\":\"/api/user\",\"status\":\"304\",\"responseTime\":\"218.859\"}","timestamp":"2024-06-18T13:30:29.725Z"}
{"level":"\u001b[32minfo\u001b[39m","message":"{\"method\":\"GET\",\"url\":\"/api/posts/663c5a5ed4d2496be9c558b9?page=1&limit=22\",\"status\":\"304\",\"responseTime\":\"224.957\"}","timestamp":"2024-06-18T13:30:31.173Z"}
{"level":"\u001b[32minfo\u001b[39m","message":"{\"method\":\"GET\",\"url\":\"/api/posts/663c5a5ed4d2496be9c558b9?page=1&limit=22\",\"status\":\"304\",\"responseTime\":\"231.666\"}","timestamp":"2024-06-18T13:30:39.317Z"}
{"level":"\u001b[32minfo\u001b[39m","message":"{\"method\":\"GET\",\"url\":\"/api/posts/663c5a5ed4d2496be9c558b9?page=1&limit=22\",\"status\":\"304\",\"responseTime\":\"237.306\"}","timestamp":"2024-06-18T13:31:04.780Z"}
{"level":"\u001b[32minfo\u001b[39m","message":"{\"method\":\"GET\",\"url\":\"/api/posts/663c5a5ed4d2496be9c558b9?page=1&limit=22\",\"status\":\"304\",\"responseTime\":\"231.012\"}","timestamp":"2024-06-18T13:31:13.197Z"}
{"level":"\u001b[32minfo\u001b[39m","message":"{\"method\":\"GET\",\"url\":\"/api/posts?page=6\",\"status\":\"304\",\"responseTime\":\"992.498\"}","timestamp":"2024-06-18T13:31:22.408Z"}
{"level":"\u001b[32minfo\u001b[39m","message":"{\"method\":\"GET\",\"url\":\"/api/user\",\"status\":\"304\",\"responseTime\":\"231.216\"}","timestamp":"2024-06-18T13:31:54.434Z"}
{"level":"\u001b[32minfo\u001b[39m","message":"{\"method\":\"GET\",\"url\":\"/api/posts/663c5a5ed4d2496be9c558b9?page=1&limit=22\",\"status\":\"304\",\"responseTime\":\"230.221\"}","timestamp":"2024-06-18T13:31:55.186Z"}
{"level":"\u001b[32minfo\u001b[39m","message":"{\"method\":\"GET\",\"url\":\"/api/posts?page=6\",\"status\":\"304\",\"responseTime\":\"897.765\"}","timestamp":"2024-06-18T13:32:03.145Z"}
{"level":"\u001b[32minfo\u001b[39m","message":"{\"method\":\"GET\",\"url\":\"/api/user\",\"status\":\"304\",\"responseTime\":\"217.550\"}","timestamp":"2024-06-18T13:32:04.663Z"}
{"level":"\u001b[32minfo\u001b[39m","message":"{\"method\":\"GET\",\"url\":\"/api/posts/663c5a5ed4d2496be9c558b9?page=1&limit=22\",\"status\":\"304\",\"responseTime\":\"229.020\"}","timestamp":"2024-06-18T13:32:05.698Z"}
{"level":"\u001b[32minfo\u001b[39m","message":"{\"method\":\"GET\",\"url\":\"/api/posts?page=6\",\"status\":\"304\",\"responseTime\":\"896.284\"}","timestamp":"2024-06-18T13:32:23.081Z"}
{"level":"\u001b[32minfo\u001b[39m","message":"{\"method\":\"GET\",\"url\":\"/api/user\",\"status\":\"304\",\"responseTime\":\"216.633\"}","timestamp":"2024-06-18T13:32:24.865Z"}
{"level":"\u001b[32minfo\u001b[39m","message":"{\"method\":\"GET\",\"url\":\"/api/posts/663c5a5ed4d2496be9c558b9?page=1&limit=22\",\"status\":\"304\",\"responseTime\":\"227.007\"}","timestamp":"2024-06-18T13:32:26.128Z"}
{"level":"\u001b[32minfo\u001b[39m","message":"{\"method\":\"GET\",\"url\":\"/api/posts?page=6\",\"status\":\"304\",\"responseTime\":\"899.726\"}","timestamp":"2024-06-18T13:32:38.152Z"}
{"level":"\u001b[32minfo\u001b[39m","message":"{\"method\":\"GET\",\"url\":\"/api/user\",\"status\":\"304\",\"responseTime\":\"218.347\"}","timestamp":"2024-06-18T13:32:39.469Z"}
{"level":"\u001b[32minfo\u001b[39m","message":"{\"method\":\"GET\",\"url\":\"/api/posts/663c5a5ed4d2496be9c558b9?page=1&limit=22\",\"status\":\"304\",\"responseTime\":\"223.708\"}","timestamp":"2024-06-18T13:32:40.524Z"}
{"level":"\u001b[32minfo\u001b[39m","message":"{\"method\":\"GET\",\"url\":\"/api/users/search?query=\",\"status\":\"304\",\"responseTime\":\"2.279\"}","timestamp":"2024-06-18T13:32:59.303Z"}
{"level":"\u001b[32minfo\u001b[39m","message":"{\"method\":\"GET\",\"url\":\"/api/users?page=1&limit=10\",\"status\":\"200\",\"responseTime\":\"223.568\"}","timestamp":"2024-06-18T13:33:05.001Z"}
{"level":"\u001b[32minfo\u001b[39m","message":"{\"method\":\"GET\",\"url\":\"/api/posts?page=6\",\"status\":\"304\",\"responseTime\":\"990.498\"}","timestamp":"2024-06-18T13:33:25.721Z"}
{"level":"\u001b[32minfo\u001b[39m","message":"{\"method\":\"GET\",\"url\":\"/api/user\",\"status\":\"304\",\"responseTime\":\"215.092\"}","timestamp":"2024-06-18T13:33:29.109Z"}
{"level":"\u001b[32minfo\u001b[39m","message":"{\"method\":\"GET\",\"url\":\"/api/posts/663c5a5ed4d2496be9c558b9?page=1&limit=22\",\"status\":\"304\",\"responseTime\":\"223.281\"}","timestamp":"2024-06-18T13:33:30.005Z"}
{"level":"\u001b[32minfo\u001b[39m","message":"{\"method\":\"GET\",\"url\":\"/api/posts?page=6\",\"status\":\"304\",\"responseTime\":\"910.767\"}","timestamp":"2024-06-18T13:33:40.707Z"}
{"level":"\u001b[32minfo\u001b[39m","message":"{\"method\":\"GET\",\"url\":\"/api/user\",\"status\":\"304\",\"responseTime\":\"219.335\"}","timestamp":"2024-06-18T13:33:42.681Z"}
{"level":"\u001b[32minfo\u001b[39m","message":"{\"method\":\"GET\",\"url\":\"/api/posts/663c5a5ed4d2496be9c558b9?page=1&limit=22\",\"status\":\"304\",\"responseTime\":\"228.840\"}","timestamp":"2024-06-18T13:33:43.922Z"}
{"level":"\u001b[32minfo\u001b[39m","message":"{\"method\":\"GET\",\"url\":\"/api/posts?page=6\",\"status\":\"304\",\"responseTime\":\"965.619\"}","timestamp":"2024-06-18T13:34:05.047Z"}
{"level":"\u001b[32minfo\u001b[39m","message":"{\"method\":\"GET\",\"url\":\"/api/user\",\"status\":\"304\",\"responseTime\":\"218.976\"}","timestamp":"2024-06-18T13:34:23.051Z"}
{"level":"\u001b[32minfo\u001b[39m","message":"{\"method\":\"GET\",\"url\":\"/api/posts/663c5a5ed4d2496be9c558b9?page=1&limit=22\",\"status\":\"304\",\"responseTime\":\"236.167\"}","timestamp":"2024-06-18T13:34:24.038Z"}
{"level":"\u001b[32minfo\u001b[39m","message":"{\"method\":\"OPTIONS\",\"url\":\"/api/users?page=1&limit=5\",\"status\":\"204\",\"responseTime\":\"1.329\"}","timestamp":"2024-06-18T13:34:52.889Z"}
{"level":"\u001b[32minfo\u001b[39m","message":"{\"method\":\"OPTIONS\",\"url\":\"/api/posts?page=1\",\"status\":\"204\",\"responseTime\":\"0.573\"}","timestamp":"2024-06-18T13:34:52.892Z"}
{"data":null,"errors":[],"isSuccess":false,"level":"\u001b[31merror\u001b[39m","message":"Unauthorized: Invalid token","statusCode":401,"timestamp":"2024-06-18T13:34:52.899Z"}
{"level":"\u001b[32minfo\u001b[39m","message":"{\"method\":\"GET\",\"url\":\"/api/users?page=1&limit=5\",\"status\":\"401\",\"responseTime\":\"5.577\"}","timestamp":"2024-06-18T13:34:52.902Z"}
{"data":null,"errors":[],"isSuccess":false,"level":"\u001b[31merror\u001b[39m","message":"Unauthorized: Invalid token","statusCode":401,"timestamp":"2024-06-18T13:34:52.908Z"}
{"level":"\u001b[32minfo\u001b[39m","message":"{\"method\":\"GET\",\"url\":\"/api/posts?page=1\",\"status\":\"401\",\"responseTime\":\"5.033\"}","timestamp":"2024-06-18T13:34:52.909Z"}
{"level":"\u001b[32minfo\u001b[39m","message":"{\"method\":\"OPTIONS\",\"url\":\"/api/login\",\"status\":\"204\",\"responseTime\":\"0.292\"}","timestamp":"2024-06-18T13:34:58.836Z"}
{"level":"\u001b[32minfo\u001b[39m","message":"{\"method\":\"POST\",\"url\":\"/api/login\",\"status\":\"201\",\"responseTime\":\"782.275\"}","timestamp":"2024-06-18T13:34:59.620Z"}
{"level":"\u001b[32minfo\u001b[39m","message":"{\"method\":\"OPTIONS\",\"url\":\"/api/users?page=1&limit=5\",\"status\":\"204\",\"responseTime\":\"0.339\"}","timestamp":"2024-06-18T13:34:59.696Z"}
{"level":"\u001b[32minfo\u001b[39m","message":"{\"method\":\"OPTIONS\",\"url\":\"/api/posts?page=1\",\"status\":\"204\",\"responseTime\":\"0.366\"}","timestamp":"2024-06-18T13:34:59.698Z"}
{"level":"\u001b[32minfo\u001b[39m","message":"{\"method\":\"GET\",\"url\":\"/api/users?page=1&limit=5\",\"status\":\"200\",\"responseTime\":\"238.363\"}","timestamp":"2024-06-18T13:34:59.939Z"}
{"level":"\u001b[32minfo\u001b[39m","message":"{\"method\":\"GET\",\"url\":\"/api/posts?page=1\",\"status\":\"200\",\"responseTime\":\"954.586\"}","timestamp":"2024-06-18T13:35:00.698Z"}
{"level":"\u001b[32minfo\u001b[39m","message":"{\"method\":\"OPTIONS\",\"url\":\"/api/user/virat_kohli\",\"status\":\"204\",\"responseTime\":\"0.702\"}","timestamp":"2024-06-18T13:35:04.122Z"}
{"level":"\u001b[32minfo\u001b[39m","message":"{\"method\":\"GET\",\"url\":\"/api/user/virat_kohli\",\"status\":\"200\",\"responseTime\":\"233.444\"}","timestamp":"2024-06-18T13:35:04.359Z"}
{"level":"\u001b[32minfo\u001b[39m","message":"{\"method\":\"OPTIONS\",\"url\":\"/api/users?page=1&limit=20\",\"status\":\"204\",\"responseTime\":\"0.217\"}","timestamp":"2024-06-18T13:35:04.366Z"}
{"level":"\u001b[32minfo\u001b[39m","message":"{\"method\":\"OPTIONS\",\"url\":\"/api/posts/663c5a5ed4d2496be9c558b9?page=1&limit=12\",\"status\":\"204\",\"responseTime\":\"0.251\"}","timestamp":"2024-06-18T13:35:04.367Z"}
{"level":"\u001b[32minfo\u001b[39m","message":"{\"method\":\"GET\",\"url\":\"/api/posts/663c5a5ed4d2496be9c558b9?page=1&limit=12\",\"status\":\"200\",\"responseTime\":\"241.622\"}","timestamp":"2024-06-18T13:35:04.611Z"}
{"level":"\u001b[32minfo\u001b[39m","message":"{\"method\":\"GET\",\"url\":\"/api/users?page=1&limit=20\",\"status\":\"200\",\"responseTime\":\"250.621\"}","timestamp":"2024-06-18T13:35:04.619Z"}
{"level":"\u001b[32minfo\u001b[39m","message":"{\"method\":\"GET\",\"url\":\"/api/users?page=1&limit=20\",\"status\":\"304\",\"responseTime\":\"290.013\"}","timestamp":"2024-06-18T13:35:04.910Z"}
{"level":"\u001b[32minfo\u001b[39m","message":"{\"method\":\"OPTIONS\",\"url\":\"/api/login\",\"status\":\"204\",\"responseTime\":\"0.303\"}","timestamp":"2024-06-18T13:35:15.856Z"}
{"level":"\u001b[32minfo\u001b[39m","message":"{\"method\":\"POST\",\"url\":\"/api/login\",\"status\":\"201\",\"responseTime\":\"782.584\"}","timestamp":"2024-06-18T13:35:16.641Z"}
{"level":"\u001b[32minfo\u001b[39m","message":"{\"method\":\"OPTIONS\",\"url\":\"/api/users?page=1&limit=5\",\"status\":\"204\",\"responseTime\":\"0.498\"}","timestamp":"2024-06-18T13:35:16.697Z"}
{"level":"\u001b[32minfo\u001b[39m","message":"{\"method\":\"OPTIONS\",\"url\":\"/api/posts?page=1\",\"status\":\"204\",\"responseTime\":\"0.426\"}","timestamp":"2024-06-18T13:35:16.699Z"}
{"level":"\u001b[32minfo\u001b[39m","message":"{\"method\":\"GET\",\"url\":\"/api/users?page=1&limit=5\",\"status\":\"200\",\"responseTime\":\"229.402\"}","timestamp":"2024-06-18T13:35:16.931Z"}
{"level":"\u001b[32minfo\u001b[39m","message":"{\"method\":\"GET\",\"url\":\"/api/posts?page=1\",\"status\":\"200\",\"responseTime\":\"899.792\"}","timestamp":"2024-06-18T13:35:17.602Z"}
{"level":"\u001b[32minfo\u001b[39m","message":"{\"method\":\"OPTIONS\",\"url\":\"/api/user\",\"status\":\"204\",\"responseTime\":\"0.872\"}","timestamp":"2024-06-18T13:35:19.039Z"}
{"level":"\u001b[32minfo\u001b[39m","message":"{\"method\":\"OPTIONS\",\"url\":\"/api/posts/user?page=1&limit=12\",\"status\":\"204\",\"responseTime\":\"0.449\"}","timestamp":"2024-06-18T13:35:19.042Z"}
{"level":"\u001b[32minfo\u001b[39m","message":"{\"method\":\"GET\",\"url\":\"/api/user\",\"status\":\"200\",\"responseTime\":\"215.352\"}","timestamp":"2024-06-18T13:35:19.262Z"}
{"level":"\u001b[32minfo\u001b[39m","message":"{\"method\":\"GET\",\"url\":\"/api/posts/user?page=1&limit=12\",\"status\":\"200\",\"responseTime\":\"232.336\"}","timestamp":"2024-06-18T13:35:19.280Z"}
{"level":"\u001b[32minfo\u001b[39m","message":"{\"method\":\"GET\",\"url\":\"/api/user\",\"status\":\"304\",\"responseTime\":\"329.527\"}","timestamp":"2024-06-18T13:35:21.776Z"}
{"level":"\u001b[32minfo\u001b[39m","message":"{\"method\":\"OPTIONS\",\"url\":\"/api/avatar\",\"status\":\"204\",\"responseTime\":\"0.330\"}","timestamp":"2024-06-18T13:35:28.421Z"}
{"level":"\u001b[32minfo\u001b[39m","message":"{\"method\":\"PATCH\",\"url\":\"/api/avatar\",\"status\":\"200\",\"responseTime\":\"7089.741\"}","timestamp":"2024-06-18T13:35:35.517Z"}
{"level":"\u001b[32minfo\u001b[39m","message":"{\"method\":\"GET\",\"url\":\"/api/posts/663c5a5ed4d2496be9c558b9?page=1&limit=22\",\"status\":\"200\",\"responseTime\":\"453.413\"}","timestamp":"2024-06-18T13:35:42.872Z"}
{"level":"\u001b[32minfo\u001b[39m","message":"{\"method\":\"POST\",\"url\":\"/api/login\",\"status\":\"201\",\"responseTime\":\"775.873\"}","timestamp":"2024-06-18T13:35:58.239Z"}
{"level":"\u001b[32minfo\u001b[39m","message":"{\"method\":\"GET\",\"url\":\"/api/posts?page=6\",\"status\":\"200\",\"responseTime\":\"940.478\"}","timestamp":"2024-06-18T13:36:00.676Z"}
{"level":"\u001b[32minfo\u001b[39m","message":"{\"method\":\"GET\",\"url\":\"/api/user\",\"status\":\"200\",\"responseTime\":\"242.449\"}","timestamp":"2024-06-18T13:36:02.384Z"}
{"level":"\u001b[32minfo\u001b[39m","message":"{\"method\":\"GET\",\"url\":\"/api/posts/663c5a5ed4d2496be9c558b9?page=1&limit=22\",\"status\":\"304\",\"responseTime\":\"446.379\"}","timestamp":"2024-06-18T13:36:04.343Z"}
{"level":"\u001b[32minfo\u001b[39m","message":"{\"method\":\"GET\",\"url\":\"/api/posts/663c5a5ed4d2496be9c558b9?page=1&limit=22\",\"status\":\"304\",\"responseTime\":\"458.655\"}","timestamp":"2024-06-18T13:36:09.920Z"}
{"level":"\u001b[32minfo\u001b[39m","message":"{\"method\":\"GET\",\"url\":\"/api/posts?page=6\",\"status\":\"304\",\"responseTime\":\"1158.570\"}","timestamp":"2024-06-18T13:36:55.293Z"}
{"level":"\u001b[32minfo\u001b[39m","message":"{\"method\":\"GET\",\"url\":\"/api/posts?page=6\",\"status\":\"304\",\"responseTime\":\"996.513\"}","timestamp":"2024-06-18T13:36:58.546Z"}
{"level":"\u001b[32minfo\u001b[39m","message":"{\"method\":\"GET\",\"url\":\"/api/posts?page=6\",\"status\":\"304\",\"responseTime\":\"922.907\"}","timestamp":"2024-06-18T13:37:08.968Z"}
{"level":"\u001b[32minfo\u001b[39m","message":"{\"method\":\"GET\",\"url\":\"/api/posts?page=6\",\"status\":\"304\",\"responseTime\":\"946.351\"}","timestamp":"2024-06-18T13:37:35.350Z"}
{"level":"\u001b[32minfo\u001b[39m","message":"{\"method\":\"GET\",\"url\":\"/api/posts?page=6\",\"status\":\"304\",\"responseTime\":\"922.203\"}","timestamp":"2024-06-18T13:37:40.372Z"}
{"level":"\u001b[32minfo\u001b[39m","message":"{\"method\":\"GET\",\"url\":\"/api/posts?page=6\",\"status\":\"304\",\"responseTime\":\"919.733\"}","timestamp":"2024-06-18T13:37:48.531Z"}
{"level":"\u001b[32minfo\u001b[39m","message":"{\"method\":\"GET\",\"url\":\"/api/posts?page=6\",\"status\":\"304\",\"responseTime\":\"949.794\"}","timestamp":"2024-06-18T13:37:51.574Z"}
{"level":"\u001b[32minfo\u001b[39m","message":"{\"method\":\"GET\",\"url\":\"/api/users/search?query=\",\"status\":\"304\",\"responseTime\":\"1.384\"}","timestamp":"2024-06-18T13:38:33.285Z"}
{"level":"\u001b[32minfo\u001b[39m","message":"{\"method\":\"GET\",\"url\":\"/api/posts?page=6\",\"status\":\"304\",\"responseTime\":\"933.570\"}","timestamp":"2024-06-18T13:38:59.310Z"}
{"level":"\u001b[32minfo\u001b[39m","message":"{\"method\":\"POST\",\"url\":\"/api/like\",\"status\":\"200\",\"responseTime\":\"672.910\"}","timestamp":"2024-06-18T13:38:59.623Z"}
{"level":"\u001b[32minfo\u001b[39m","message":"{\"method\":\"GET\",\"url\":\"/api/user\",\"status\":\"304\",\"responseTime\":\"215.079\"}","timestamp":"2024-06-18T13:39:16.413Z"}
{"level":"\u001b[32minfo\u001b[39m","message":"{\"method\":\"GET\",\"url\":\"/api/posts/663c5a5ed4d2496be9c558b9?page=1&limit=22\",\"status\":\"304\",\"responseTime\":\"438.325\"}","timestamp":"2024-06-18T13:39:17.504Z"}
{"level":"\u001b[32minfo\u001b[39m","message":"{\"method\":\"GET\",\"url\":\"/api/posts?page=6\",\"status\":\"200\",\"responseTime\":\"1384.501\"}","timestamp":"2024-06-18T13:48:18.876Z"}
{"level":"\u001b[32minfo\u001b[39m","message":"{\"method\":\"GET\",\"url\":\"/api/posts?page=6\",\"status\":\"304\",\"responseTime\":\"935.443\"}","timestamp":"2024-06-18T13:48:21.502Z"}
{"level":"\u001b[32minfo\u001b[39m","message":"{\"method\":\"GET\",\"url\":\"/api/user\",\"status\":\"304\",\"responseTime\":\"222.768\"}","timestamp":"2024-06-18T13:48:24.639Z"}
{"level":"\u001b[32minfo\u001b[39m","message":"{\"method\":\"GET\",\"url\":\"/api/posts/663c5a5ed4d2496be9c558b9?page=1&limit=22\",\"status\":\"304\",\"responseTime\":\"439.347\"}","timestamp":"2024-06-18T13:48:26.004Z"}
{"level":"\u001b[32minfo\u001b[39m","message":"{\"method\":\"GET\",\"url\":\"/api/posts/663c5a5ed4d2496be9c558b9?page=1&limit=22\",\"status\":\"304\",\"responseTime\":\"454.594\"}","timestamp":"2024-06-18T13:48:51.573Z"}
{"level":"\u001b[32minfo\u001b[39m","message":"{\"method\":\"GET\",\"url\":\"/api/posts?page=6\",\"status\":\"304\",\"responseTime\":\"2590.260\"}","timestamp":"2024-06-19T04:15:34.688Z"}
{"level":"\u001b[32minfo\u001b[39m","message":"{\"method\":\"GET\",\"url\":\"/api/user\",\"status\":\"304\",\"responseTime\":\"237.263\"}","timestamp":"2024-06-19T04:15:42.909Z"}
{"level":"\u001b[32minfo\u001b[39m","message":"{\"method\":\"GET\",\"url\":\"/api/posts/663c5a5ed4d2496be9c558b9?page=1&limit=22\",\"status\":\"304\",\"responseTime\":\"499.663\"}","timestamp":"2024-06-19T04:15:44.179Z"}
{"level":"\u001b[32minfo\u001b[39m","message":"{\"method\":\"GET\",\"url\":\"/api/posts?page=6\",\"status\":\"304\",\"responseTime\":\"958.573\"}","timestamp":"2024-06-19T04:16:18.236Z"}
{"level":"\u001b[32minfo\u001b[39m","message":"{\"method\":\"GET\",\"url\":\"/api/user\",\"status\":\"304\",\"responseTime\":\"230.493\"}","timestamp":"2024-06-19T04:16:21.631Z"}
{"level":"\u001b[32minfo\u001b[39m","message":"{\"method\":\"GET\",\"url\":\"/api/posts/663c5a5ed4d2496be9c558b9?page=1&limit=22\",\"status\":\"304\",\"responseTime\":\"468.019\"}","timestamp":"2024-06-19T04:16:22.960Z"}
{"level":"\u001b[32minfo\u001b[39m","message":"{\"method\":\"GET\",\"url\":\"/api/posts?page=6\",\"status\":\"304\",\"responseTime\":\"971.755\"}","timestamp":"2024-06-19T04:16:36.240Z"}
{"level":"\u001b[32minfo\u001b[39m","message":"{\"method\":\"GET\",\"url\":\"/api/posts?page=6\",\"status\":\"304\",\"responseTime\":\"952.832\"}","timestamp":"2024-06-19T04:16:39.069Z"}
{"level":"\u001b[32minfo\u001b[39m","message":"{\"method\":\"GET\",\"url\":\"/api/user\",\"status\":\"304\",\"responseTime\":\"231.870\"}","timestamp":"2024-06-19T04:16:41.124Z"}
{"level":"\u001b[32minfo\u001b[39m","message":"{\"method\":\"GET\",\"url\":\"/api/posts/663c5a5ed4d2496be9c558b9?page=1&limit=22\",\"status\":\"304\",\"responseTime\":\"470.586\"}","timestamp":"2024-06-19T04:16:42.376Z"}
{"level":"\u001b[32minfo\u001b[39m","message":"{\"method\":\"GET\",\"url\":\"/api/posts?page=6\",\"status\":\"304\",\"responseTime\":\"1121.693\"}","timestamp":"2024-06-19T04:18:19.395Z"}
{"level":"\u001b[32minfo\u001b[39m","message":"{\"method\":\"GET\",\"url\":\"/api/user\",\"status\":\"304\",\"responseTime\":\"231.361\"}","timestamp":"2024-06-19T04:18:22.745Z"}
{"level":"\u001b[32minfo\u001b[39m","message":"{\"method\":\"GET\",\"url\":\"/api/posts/663c5a5ed4d2496be9c558b9?page=1&limit=22\",\"status\":\"304\",\"responseTime\":\"472.493\"}","timestamp":"2024-06-19T04:18:24.284Z"}
{"level":"\u001b[32minfo\u001b[39m","message":"{\"method\":\"GET\",\"url\":\"/api/posts?page=6\",\"status\":\"304\",\"responseTime\":\"991.908\"}","timestamp":"2024-06-19T04:18:35.319Z"}
{"level":"\u001b[32minfo\u001b[39m","message":"{\"method\":\"GET\",\"url\":\"/api/user\",\"status\":\"304\",\"responseTime\":\"230.543\"}","timestamp":"2024-06-19T04:18:38.076Z"}
{"level":"\u001b[32minfo\u001b[39m","message":"{\"method\":\"GET\",\"url\":\"/api/posts/663c5a5ed4d2496be9c558b9?page=1&limit=22\",\"status\":\"304\",\"responseTime\":\"464.459\"}","timestamp":"2024-06-19T04:18:39.312Z"}
{"level":"\u001b[32minfo\u001b[39m","message":"{\"method\":\"GET\",\"url\":\"/api/posts?page=6\",\"status\":\"304\",\"responseTime\":\"956.589\"}","timestamp":"2024-06-19T04:18:51.413Z"}
{"level":"\u001b[32minfo\u001b[39m","message":"{\"method\":\"GET\",\"url\":\"/api/posts?page=6\",\"status\":\"304\",\"responseTime\":\"945.222\"}","timestamp":"2024-06-19T04:18:55.486Z"}
{"level":"\u001b[32minfo\u001b[39m","message":"{\"method\":\"GET\",\"url\":\"/api/user\",\"status\":\"304\",\"responseTime\":\"229.577\"}","timestamp":"2024-06-19T04:19:33.084Z"}
{"level":"\u001b[32minfo\u001b[39m","message":"{\"method\":\"GET\",\"url\":\"/api/posts/663c5a5ed4d2496be9c558b9?page=1&limit=22\",\"status\":\"304\",\"responseTime\":\"481.232\"}","timestamp":"2024-06-19T04:19:34.456Z"}
{"level":"\u001b[32minfo\u001b[39m","message":"{\"method\":\"GET\",\"url\":\"/api/posts?page=6\",\"status\":\"304\",\"responseTime\":\"969.846\"}","timestamp":"2024-06-19T04:19:58.240Z"}
{"level":"\u001b[32minfo\u001b[39m","message":"{\"method\":\"GET\",\"url\":\"/api/user\",\"status\":\"304\",\"responseTime\":\"229.243\"}","timestamp":"2024-06-19T04:20:01.977Z"}
{"level":"\u001b[32minfo\u001b[39m","message":"{\"method\":\"GET\",\"url\":\"/api/posts/663c5a5ed4d2496be9c558b9?page=1&limit=22\",\"status\":\"304\",\"responseTime\":\"478.309\"}","timestamp":"2024-06-19T04:20:03.358Z"}
{"level":"\u001b[32minfo\u001b[39m","message":"{\"method\":\"GET\",\"url\":\"/api/posts?page=6\",\"status\":\"304\",\"responseTime\":\"964.163\"}","timestamp":"2024-06-19T04:20:43.034Z"}
{"level":"\u001b[32minfo\u001b[39m","message":"{\"method\":\"GET\",\"url\":\"/api/user\",\"status\":\"304\",\"responseTime\":\"228.610\"}","timestamp":"2024-06-19T04:21:07.608Z"}
{"level":"\u001b[32minfo\u001b[39m","message":"{\"method\":\"GET\",\"url\":\"/api/posts/663c5a5ed4d2496be9c558b9?page=1&limit=22\",\"status\":\"304\",\"responseTime\":\"468.121\"}","timestamp":"2024-06-19T04:21:09.047Z"}
{"level":"\u001b[32minfo\u001b[39m","message":"{\"method\":\"GET\",\"url\":\"/api/posts?page=6\",\"status\":\"304\",\"responseTime\":\"962.602\"}","timestamp":"2024-06-19T04:21:22.893Z"}
{"level":"\u001b[32minfo\u001b[39m","message":"{\"method\":\"GET\",\"url\":\"/api/posts?page=6\",\"status\":\"304\",\"responseTime\":\"948.409\"}","timestamp":"2024-06-19T04:21:27.111Z"}
{"level":"\u001b[32minfo\u001b[39m","message":"{\"method\":\"GET\",\"url\":\"/api/user\",\"status\":\"304\",\"responseTime\":\"233.928\"}","timestamp":"2024-06-19T04:21:29.529Z"}
{"level":"\u001b[32minfo\u001b[39m","message":"{\"method\":\"GET\",\"url\":\"/api/posts/663c5a5ed4d2496be9c558b9?page=1&limit=22\",\"status\":\"304\",\"responseTime\":\"462.509\"}","timestamp":"2024-06-19T04:21:30.647Z"}
{"level":"\u001b[32minfo\u001b[39m","message":"{\"method\":\"GET\",\"url\":\"/api/posts/663c5a5ed4d2496be9c558b9?page=1&limit=22\",\"status\":\"304\",\"responseTime\":\"473.428\"}","timestamp":"2024-06-19T04:22:36.908Z"}
{"level":"\u001b[32minfo\u001b[39m","message":"{\"method\":\"GET\",\"url\":\"/api/posts?page=6\",\"status\":\"304\",\"responseTime\":\"963.953\"}","timestamp":"2024-06-19T04:23:22.724Z"}
{"level":"\u001b[32minfo\u001b[39m","message":"{\"method\":\"GET\",\"url\":\"/api/user\",\"status\":\"304\",\"responseTime\":\"233.434\"}","timestamp":"2024-06-19T04:23:25.784Z"}
{"level":"\u001b[32minfo\u001b[39m","message":"{\"method\":\"GET\",\"url\":\"/api/posts/663c5a5ed4d2496be9c558b9?page=1&limit=22\",\"status\":\"304\",\"responseTime\":\"482.225\"}","timestamp":"2024-06-19T04:23:27.009Z"}
{"level":"\u001b[32minfo\u001b[39m","message":"{\"method\":\"GET\",\"url\":\"/api/posts?page=6\",\"status\":\"304\",\"responseTime\":\"950.471\"}","timestamp":"2024-06-19T04:23:34.823Z"}
{"level":"\u001b[32minfo\u001b[39m","message":"{\"method\":\"GET\",\"url\":\"/api/user\",\"status\":\"304\",\"responseTime\":\"235.446\"}","timestamp":"2024-06-19T04:23:36.724Z"}
{"level":"\u001b[32minfo\u001b[39m","message":"{\"method\":\"GET\",\"url\":\"/api/posts/663c5a5ed4d2496be9c558b9?page=1&limit=22\",\"status\":\"304\",\"responseTime\":\"470.994\"}","timestamp":"2024-06-19T04:23:38.016Z"}
{"level":"\u001b[32minfo\u001b[39m","message":"{\"method\":\"GET\",\"url\":\"/api/posts?page=6\",\"status\":\"304\",\"responseTime\":\"956.823\"}","timestamp":"2024-06-19T04:23:47.537Z"}
{"level":"\u001b[32minfo\u001b[39m","message":"{\"method\":\"GET\",\"url\":\"/api/user\",\"status\":\"304\",\"responseTime\":\"230.973\"}","timestamp":"2024-06-19T04:24:12.189Z"}
{"level":"\u001b[32minfo\u001b[39m","message":"{\"method\":\"GET\",\"url\":\"/api/posts/663c5a5ed4d2496be9c558b9?page=1&limit=22\",\"status\":\"304\",\"responseTime\":\"469.630\"}","timestamp":"2024-06-19T04:24:13.490Z"}
{"level":"\u001b[32minfo\u001b[39m","message":"{\"method\":\"GET\",\"url\":\"/api/posts?page=6\",\"status\":\"304\",\"responseTime\":\"1420.522\"}","timestamp":"2024-06-19T04:28:35.410Z"}
{"level":"\u001b[32minfo\u001b[39m","message":"{\"method\":\"GET\",\"url\":\"/api/user\",\"status\":\"304\",\"responseTime\":\"234.776\"}","timestamp":"2024-06-19T04:28:37.130Z"}
{"level":"\u001b[32minfo\u001b[39m","message":"{\"method\":\"GET\",\"url\":\"/api/posts/663c5a5ed4d2496be9c558b9?page=1&limit=22\",\"status\":\"304\",\"responseTime\":\"472.991\"}","timestamp":"2024-06-19T04:28:38.504Z"}
{"level":"\u001b[32minfo\u001b[39m","message":"{\"method\":\"GET\",\"url\":\"/api/posts?page=6\",\"status\":\"304\",\"responseTime\":\"962.464\"}","timestamp":"2024-06-19T04:29:00.831Z"}
{"level":"\u001b[32minfo\u001b[39m","message":"{\"method\":\"GET\",\"url\":\"/api/user\",\"status\":\"304\",\"responseTime\":\"230.113\"}","timestamp":"2024-06-19T04:29:02.226Z"}
{"level":"\u001b[32minfo\u001b[39m","message":"{\"method\":\"GET\",\"url\":\"/api/posts/663c5a5ed4d2496be9c558b9?page=1&limit=22\",\"status\":\"304\",\"responseTime\":\"472.209\"}","timestamp":"2024-06-19T04:29:03.483Z"}
{"level":"\u001b[32minfo\u001b[39m","message":"{\"method\":\"GET\",\"url\":\"/api/users?page=1&limit=10\",\"status\":\"304\",\"responseTime\":\"238.445\"}","timestamp":"2024-06-19T04:29:14.110Z"}
{"level":"\u001b[32minfo\u001b[39m","message":"{\"method\":\"GET\",\"url\":\"/api/users?page=1&limit=10\",\"status\":\"304\",\"responseTime\":\"249.072\"}","timestamp":"2024-06-19T04:29:24.178Z"}
{"level":"\u001b[32minfo\u001b[39m","message":"{\"method\":\"GET\",\"url\":\"/api/users?page=1&limit=10\",\"status\":\"304\",\"responseTime\":\"266.763\"}","timestamp":"2024-06-19T04:29:29.180Z"}
{"level":"\u001b[32minfo\u001b[39m","message":"{\"method\":\"GET\",\"url\":\"/api/posts?page=6\",\"status\":\"304\",\"responseTime\":\"963.359\"}","timestamp":"2024-06-19T04:31:38.716Z"}
{"level":"\u001b[32minfo\u001b[39m","message":"{\"method\":\"GET\",\"url\":\"/api/user\",\"status\":\"304\",\"responseTime\":\"228.253\"}","timestamp":"2024-06-19T04:31:40.418Z"}
{"level":"\u001b[32minfo\u001b[39m","message":"{\"method\":\"GET\",\"url\":\"/api/posts/663c5a5ed4d2496be9c558b9?page=1&limit=22\",\"status\":\"304\",\"responseTime\":\"466.086\"}","timestamp":"2024-06-19T04:31:41.663Z"}
{"level":"\u001b[32minfo\u001b[39m","message":"{\"method\":\"GET\",\"url\":\"/api/posts?page=6\",\"status\":\"304\",\"responseTime\":\"1065.714\"}","timestamp":"2024-06-19T04:33:02.619Z"}
{"level":"\u001b[32minfo\u001b[39m","message":"{\"method\":\"GET\",\"url\":\"/api/posts?page=6\",\"status\":\"304\",\"responseTime\":\"1236.357\"}","timestamp":"2024-06-19T04:33:05.748Z"}
{"level":"\u001b[32minfo\u001b[39m","message":"{\"method\":\"GET\",\"url\":\"/api/user\",\"status\":\"304\",\"responseTime\":\"236.095\"}","timestamp":"2024-06-19T04:33:08.383Z"}
{"level":"\u001b[32minfo\u001b[39m","message":"{\"method\":\"GET\",\"url\":\"/api/posts/663c5a5ed4d2496be9c558b9?page=1&limit=22\",\"status\":\"304\",\"responseTime\":\"501.315\"}","timestamp":"2024-06-19T04:33:09.633Z"}
{"level":"\u001b[32minfo\u001b[39m","message":"{\"method\":\"GET\",\"url\":\"/api/posts?page=6\",\"status\":\"304\",\"responseTime\":\"953.298\"}","timestamp":"2024-06-19T04:33:18.162Z"}
{"level":"\u001b[32minfo\u001b[39m","message":"{\"method\":\"GET\",\"url\":\"/api/posts?page=6\",\"status\":\"304\",\"responseTime\":\"965.780\"}","timestamp":"2024-06-19T04:33:27.610Z"}
{"level":"\u001b[32minfo\u001b[39m","message":"{\"method\":\"GET\",\"url\":\"/api/posts?page=6\",\"status\":\"304\",\"responseTime\":\"961.218\"}","timestamp":"2024-06-19T04:33:41.882Z"}
{"level":"\u001b[32minfo\u001b[39m","message":"{\"method\":\"GET\",\"url\":\"/api/posts?page=6\",\"status\":\"304\",\"responseTime\":\"959.161\"}","timestamp":"2024-06-19T04:33:44.799Z"}
{"level":"\u001b[32minfo\u001b[39m","message":"{\"method\":\"GET\",\"url\":\"/api/posts?page=6\",\"status\":\"304\",\"responseTime\":\"947.071\"}","timestamp":"2024-06-19T04:33:51.559Z"}
{"level":"\u001b[32minfo\u001b[39m","message":"{\"method\":\"GET\",\"url\":\"/api/posts?page=6\",\"status\":\"304\",\"responseTime\":\"951.708\"}","timestamp":"2024-06-19T04:33:54.389Z"}
{"level":"\u001b[32minfo\u001b[39m","message":"{\"method\":\"GET\",\"url\":\"/api/posts?page=6\",\"status\":\"304\",\"responseTime\":\"956.949\"}","timestamp":"2024-06-19T04:33:57.535Z"}
{"level":"\u001b[32minfo\u001b[39m","message":"{\"method\":\"GET\",\"url\":\"/api/posts?page=6\",\"status\":\"304\",\"responseTime\":\"956.044\"}","timestamp":"2024-06-19T04:34:00.110Z"}
{"level":"\u001b[32minfo\u001b[39m","message":"{\"method\":\"GET\",\"url\":\"/api/posts?page=6\",\"status\":\"304\",\"responseTime\":\"946.982\"}","timestamp":"2024-06-19T04:34:02.344Z"}
{"level":"\u001b[32minfo\u001b[39m","message":"{\"method\":\"GET\",\"url\":\"/api/posts?page=6\",\"status\":\"304\",\"responseTime\":\"946.846\"}","timestamp":"2024-06-19T04:34:06.977Z"}
{"level":"\u001b[32minfo\u001b[39m","message":"{\"method\":\"GET\",\"url\":\"/api/posts?page=6\",\"status\":\"304\",\"responseTime\":\"958.068\"}","timestamp":"2024-06-19T04:34:14.584Z"}
{"level":"\u001b[32minfo\u001b[39m","message":"{\"method\":\"GET\",\"url\":\"/api/posts?page=6\",\"status\":\"304\",\"responseTime\":\"974.838\"}","timestamp":"2024-06-19T04:34:17.785Z"}
{"level":"\u001b[32minfo\u001b[39m","message":"{\"method\":\"GET\",\"url\":\"/api/posts?page=6\",\"status\":\"304\",\"responseTime\":\"962.848\"}","timestamp":"2024-06-19T04:34:22.534Z"}
{"level":"\u001b[32minfo\u001b[39m","message":"{\"method\":\"GET\",\"url\":\"/api/posts?page=6\",\"status\":\"304\",\"responseTime\":\"971.517\"}","timestamp":"2024-06-19T04:34:27.729Z"}
{"level":"\u001b[32minfo\u001b[39m","message":"{\"method\":\"GET\",\"url\":\"/api/user\",\"status\":\"304\",\"responseTime\":\"230.000\"}","timestamp":"2024-06-19T04:34:29.289Z"}
{"level":"\u001b[32minfo\u001b[39m","message":"{\"method\":\"GET\",\"url\":\"/api/posts/663c5a5ed4d2496be9c558b9?page=1&limit=22\",\"status\":\"304\",\"responseTime\":\"572.651\"}","timestamp":"2024-06-19T04:34:30.576Z"}
{"level":"\u001b[32minfo\u001b[39m","message":"{\"method\":\"GET\",\"url\":\"/api/posts?page=6\",\"status\":\"304\",\"responseTime\":\"952.134\"}","timestamp":"2024-06-19T04:34:37.697Z"}
{"level":"\u001b[32minfo\u001b[39m","message":"{\"method\":\"GET\",\"url\":\"/api/posts?page=6\",\"status\":\"304\",\"responseTime\":\"938.813\"}","timestamp":"2024-06-19T04:34:40.962Z"}
{"level":"\u001b[32minfo\u001b[39m","message":"{\"method\":\"GET\",\"url\":\"/api/user\",\"status\":\"304\",\"responseTime\":\"231.961\"}","timestamp":"2024-06-19T04:34:43.877Z"}
{"level":"\u001b[32minfo\u001b[39m","message":"{\"method\":\"GET\",\"url\":\"/api/posts/663c5a5ed4d2496be9c558b9?page=1&limit=22\",\"status\":\"304\",\"responseTime\":\"460.818\"}","timestamp":"2024-06-19T04:34:44.987Z"}
{"level":"\u001b[32minfo\u001b[39m","message":"{\"method\":\"GET\",\"url\":\"/api/posts?page=6\",\"status\":\"304\",\"responseTime\":\"955.407\"}","timestamp":"2024-06-19T04:34:56.428Z"}
{"level":"\u001b[32minfo\u001b[39m","message":"{\"method\":\"GET\",\"url\":\"/api/user\",\"status\":\"304\",\"responseTime\":\"227.528\"}","timestamp":"2024-06-19T04:34:59.859Z"}
{"level":"\u001b[32minfo\u001b[39m","message":"{\"method\":\"GET\",\"url\":\"/api/posts/663c5a5ed4d2496be9c558b9?page=1&limit=22\",\"status\":\"304\",\"responseTime\":\"570.021\"}","timestamp":"2024-06-19T04:35:01.289Z"}
{"level":"\u001b[32minfo\u001b[39m","message":"{\"method\":\"GET\",\"url\":\"/api/posts?page=6\",\"status\":\"304\",\"responseTime\":\"955.448\"}","timestamp":"2024-06-19T04:35:09.404Z"}
{"level":"\u001b[32minfo\u001b[39m","message":"{\"method\":\"GET\",\"url\":\"/api/posts?page=6\",\"status\":\"304\",\"responseTime\":\"726.090\"}","timestamp":"2024-06-19T04:35:11.124Z"}
{"level":"\u001b[32minfo\u001b[39m","message":"{\"method\":\"GET\",\"url\":\"/api/user\",\"status\":\"304\",\"responseTime\":\"330.435\"}","timestamp":"2024-06-19T04:35:14.592Z"}
{"level":"\u001b[32minfo\u001b[39m","message":"{\"method\":\"GET\",\"url\":\"/api/posts/663c5a5ed4d2496be9c558b9?page=1&limit=22\",\"status\":\"304\",\"responseTime\":\"465.241\"}","timestamp":"2024-06-19T04:35:15.994Z"}
{"level":"\u001b[32minfo\u001b[39m","message":"{\"method\":\"GET\",\"url\":\"/api/posts?page=6\",\"status\":\"304\",\"responseTime\":\"959.402\"}","timestamp":"2024-06-19T04:35:44.226Z"}
{"level":"\u001b[32minfo\u001b[39m","message":"{\"method\":\"GET\",\"url\":\"/api/posts?page=6\",\"status\":\"304\",\"responseTime\":\"950.397\"}","timestamp":"2024-06-19T04:35:46.728Z"}
{"level":"\u001b[32minfo\u001b[39m","message":"{\"method\":\"GET\",\"url\":\"/api/posts?page=6\",\"status\":\"304\",\"responseTime\":\"971.131\"}","timestamp":"2024-06-19T04:35:51.589Z"}
{"level":"\u001b[32minfo\u001b[39m","message":"{\"method\":\"GET\",\"url\":\"/api/posts?page=6\",\"status\":\"304\",\"responseTime\":\"954.045\"}","timestamp":"2024-06-19T04:35:55.484Z"}
{"level":"\u001b[32minfo\u001b[39m","message":"{\"method\":\"GET\",\"url\":\"/api/posts?page=6\",\"status\":\"304\",\"responseTime\":\"947.319\"}","timestamp":"2024-06-19T04:36:00.880Z"}
{"level":"\u001b[32minfo\u001b[39m","message":"{\"method\":\"GET\",\"url\":\"/api/user\",\"status\":\"304\",\"responseTime\":\"233.296\"}","timestamp":"2024-06-19T04:36:01.545Z"}
{"level":"\u001b[32minfo\u001b[39m","message":"{\"method\":\"GET\",\"url\":\"/api/posts/663c5a5ed4d2496be9c558b9?page=1&limit=22\",\"status\":\"304\",\"responseTime\":\"487.451\"}","timestamp":"2024-06-19T04:36:02.735Z"}
{"level":"\u001b[32minfo\u001b[39m","message":"{\"method\":\"GET\",\"url\":\"/api/posts?page=6\",\"status\":\"304\",\"responseTime\":\"954.090\"}","timestamp":"2024-06-19T04:36:08.510Z"}
{"level":"\u001b[32minfo\u001b[39m","message":"{\"method\":\"GET\",\"url\":\"/api/posts?page=6\",\"status\":\"304\",\"responseTime\":\"959.199\"}","timestamp":"2024-06-19T04:36:12.865Z"}
{"level":"\u001b[32minfo\u001b[39m","message":"{\"method\":\"GET\",\"url\":\"/api/user\",\"status\":\"304\",\"responseTime\":\"230.237\"}","timestamp":"2024-06-19T04:36:15.905Z"}
{"level":"\u001b[32minfo\u001b[39m","message":"{\"method\":\"GET\",\"url\":\"/api/posts?page=6\",\"status\":\"304\",\"responseTime\":\"960.885\"}","timestamp":"2024-06-19T04:37:48.183Z"}
{"level":"\u001b[32minfo\u001b[39m","message":"{\"method\":\"GET\",\"url\":\"/api/user\",\"status\":\"304\",\"responseTime\":\"235.011\"}","timestamp":"2024-06-19T04:42:58.892Z"}
{"level":"\u001b[32minfo\u001b[39m","message":"{\"method\":\"GET\",\"url\":\"/api/posts?page=6\",\"status\":\"304\",\"responseTime\":\"1434.436\"}","timestamp":"2024-06-19T04:43:27.673Z"}
{"level":"\u001b[32minfo\u001b[39m","message":"{\"method\":\"GET\",\"url\":\"/api/user\",\"status\":\"304\",\"responseTime\":\"231.398\"}","timestamp":"2024-06-19T04:43:49.842Z"}
{"level":"\u001b[32minfo\u001b[39m","message":"{\"method\":\"GET\",\"url\":\"/api/posts/663c5a5ed4d2496be9c558b9?page=1&limit=22\",\"status\":\"304\",\"responseTime\":\"479.999\"}","timestamp":"2024-06-19T04:43:50.872Z"}
{"level":"\u001b[32minfo\u001b[39m","message":"{\"method\":\"GET\",\"url\":\"/api/posts?page=6\",\"status\":\"304\",\"responseTime\":\"952.669\"}","timestamp":"2024-06-19T04:44:01.401Z"}
{"level":"\u001b[32minfo\u001b[39m","message":"{\"method\":\"GET\",\"url\":\"/api/user\",\"status\":\"304\",\"responseTime\":\"231.130\"}","timestamp":"2024-06-19T04:44:04.613Z"}
{"level":"\u001b[32minfo\u001b[39m","message":"{\"method\":\"GET\",\"url\":\"/api/posts/663c5a5ed4d2496be9c558b9?page=1&limit=22\",\"status\":\"304\",\"responseTime\":\"462.420\"}","timestamp":"2024-06-19T04:44:05.777Z"}
{"level":"\u001b[32minfo\u001b[39m","message":"{\"method\":\"GET\",\"url\":\"/api/posts/663c5a5ed4d2496be9c558b9?page=1&limit=22\",\"status\":\"304\",\"responseTime\":\"474.308\"}","timestamp":"2024-06-19T04:44:19.249Z"}
{"level":"\u001b[32minfo\u001b[39m","message":"{\"method\":\"GET\",\"url\":\"/api/posts?page=6\",\"status\":\"304\",\"responseTime\":\"978.468\"}","timestamp":"2024-06-19T04:45:05.920Z"}
{"level":"\u001b[32minfo\u001b[39m","message":"{\"method\":\"GET\",\"url\":\"/api/posts?page=6\",\"status\":\"304\",\"responseTime\":\"1059.380\"}","timestamp":"2024-06-19T04:46:33.949Z"}
{"level":"\u001b[32minfo\u001b[39m","message":"{\"method\":\"GET\",\"url\":\"/api/posts?page=6\",\"status\":\"304\",\"responseTime\":\"941.090\"}","timestamp":"2024-06-19T04:46:53.341Z"}
{"level":"\u001b[32minfo\u001b[39m","message":"{\"method\":\"GET\",\"url\":\"/api/user\",\"status\":\"304\",\"responseTime\":\"229.742\"}","timestamp":"2024-06-19T04:47:36.487Z"}
{"level":"\u001b[32minfo\u001b[39m","message":"{\"method\":\"GET\",\"url\":\"/api/posts/663c5a5ed4d2496be9c558b9?page=1&limit=22\",\"status\":\"304\",\"responseTime\":\"468.244\"}","timestamp":"2024-06-19T04:47:37.747Z"}
{"level":"\u001b[32minfo\u001b[39m","message":"{\"method\":\"GET\",\"url\":\"/api/posts?page=6\",\"status\":\"304\",\"responseTime\":\"948.497\"}","timestamp":"2024-06-19T04:48:52.143Z"}
{"level":"\u001b[32minfo\u001b[39m","message":"{\"method\":\"GET\",\"url\":\"/api/user\",\"status\":\"304\",\"responseTime\":\"233.575\"}","timestamp":"2024-06-19T04:50:02.048Z"}
{"level":"\u001b[32minfo\u001b[39m","message":"{\"method\":\"GET\",\"url\":\"/api/posts/663c5a5ed4d2496be9c558b9?page=1&limit=22\",\"status\":\"304\",\"responseTime\":\"472.041\"}","timestamp":"2024-06-19T04:50:03.263Z"}
{"level":"\u001b[32minfo\u001b[39m","message":"{\"method\":\"GET\",\"url\":\"/api/posts?page=6\",\"status\":\"-\",\"responseTime\":\"-\"}","timestamp":"2024-06-19T04:51:23.964Z"}
{"level":"\u001b[32minfo\u001b[39m","message":"{\"method\":\"GET\",\"url\":\"/api/posts?page=6\",\"status\":\"304\",\"responseTime\":\"949.640\"}","timestamp":"2024-06-19T04:51:30.068Z"}
{"level":"\u001b[32minfo\u001b[39m","message":"{\"method\":\"GET\",\"url\":\"/api/users/search?query=\",\"status\":\"304\",\"responseTime\":\"1.847\"}","timestamp":"2024-06-19T04:51:32.041Z"}
{"level":"\u001b[32minfo\u001b[39m","message":"{\"method\":\"GET\",\"url\":\"/api/users/search?query=ro\",\"status\":\"200\",\"responseTime\":\"303.653\"}","timestamp":"2024-06-19T04:51:42.918Z"}
{"level":"\u001b[32minfo\u001b[39m","message":"{\"method\":\"GET\",\"url\":\"/api/users/search?query=rohit\",\"status\":\"304\",\"responseTime\":\"229.296\"}","timestamp":"2024-06-19T04:51:44.023Z"}
{"level":"\u001b[32minfo\u001b[39m","message":"{\"method\":\"GET\",\"url\":\"/api/posts?page=6\",\"status\":\"304\",\"responseTime\":\"1411.036\"}","timestamp":"2024-06-19T04:51:55.005Z"}
{"level":"\u001b[32minfo\u001b[39m","message":"{\"method\":\"GET\",\"url\":\"/api/users/search?query=\",\"status\":\"304\",\"responseTime\":\"2.723\"}","timestamp":"2024-06-19T04:51:55.827Z"}
{"level":"\u001b[32minfo\u001b[39m","message":"{\"method\":\"GET\",\"url\":\"/api/users/search?query=rohit\",\"status\":\"304\",\"responseTime\":\"339.457\"}","timestamp":"2024-06-19T04:52:00.284Z"}
{"level":"\u001b[32minfo\u001b[39m","message":"{\"method\":\"GET\",\"url\":\"/api/posts?page=6\",\"status\":\"304\",\"responseTime\":\"952.557\"}","timestamp":"2024-06-19T04:52:13.620Z"}
{"level":"\u001b[32minfo\u001b[39m","message":"{\"method\":\"GET\",\"url\":\"/api/users/search?query=\",\"status\":\"304\",\"responseTime\":\"3.016\"}","timestamp":"2024-06-19T04:53:05.838Z"}
{"level":"\u001b[32minfo\u001b[39m","message":"{\"method\":\"GET\",\"url\":\"/api/users/search?query=rohit\",\"status\":\"304\",\"responseTime\":\"230.753\"}","timestamp":"2024-06-19T04:53:10.883Z"}
{"level":"\u001b[32minfo\u001b[39m","message":"{\"method\":\"GET\",\"url\":\"/api/posts?page=6\",\"status\":\"304\",\"responseTime\":\"1012.150\"}","timestamp":"2024-06-19T04:53:21.103Z"}
{"level":"\u001b[32minfo\u001b[39m","message":"{\"method\":\"GET\",\"url\":\"/api/users/search?query=\",\"status\":\"304\",\"responseTime\":\"1.839\"}","timestamp":"2024-06-19T04:53:21.678Z"}
{"level":"\u001b[32minfo\u001b[39m","message":"{\"method\":\"GET\",\"url\":\"/api/users/search?query=rohit\",\"status\":\"304\",\"responseTime\":\"229.802\"}","timestamp":"2024-06-19T04:53:28.048Z"}
{"level":"\u001b[32minfo\u001b[39m","message":"{\"method\":\"GET\",\"url\":\"/api/posts?page=6\",\"status\":\"304\",\"responseTime\":\"1421.560\"}","timestamp":"2024-06-19T04:53:34.150Z"}
{"level":"\u001b[32minfo\u001b[39m","message":"{\"method\":\"GET\",\"url\":\"/api/users/search?query=\",\"status\":\"304\",\"responseTime\":\"1.588\"}","timestamp":"2024-06-19T04:54:45.911Z"}
{"level":"\u001b[32minfo\u001b[39m","message":"{\"method\":\"GET\",\"url\":\"/api/users/search?query=rohit\",\"status\":\"304\",\"responseTime\":\"234.793\"}","timestamp":"2024-06-19T04:54:49.624Z"}
{"level":"\u001b[32minfo\u001b[39m","message":"{\"method\":\"GET\",\"url\":\"/api/posts?page=6\",\"status\":\"304\",\"responseTime\":\"960.089\"}","timestamp":"2024-06-19T04:54:55.954Z"}
{"level":"\u001b[32minfo\u001b[39m","message":"{\"method\":\"GET\",\"url\":\"/api/users/search?query=\",\"status\":\"304\",\"responseTime\":\"1.465\"}","timestamp":"2024-06-19T04:57:09.389Z"}
{"level":"\u001b[32minfo\u001b[39m","message":"{\"method\":\"GET\",\"url\":\"/api/users/search?query=Hr\",\"status\":\"200\",\"responseTime\":\"229.914\"}","timestamp":"2024-06-19T04:57:16.850Z"}
{"level":"\u001b[32minfo\u001b[39m","message":"{\"method\":\"GET\",\"url\":\"/api/posts?page=6\",\"status\":\"304\",\"responseTime\":\"975.708\"}","timestamp":"2024-06-19T04:57:31.694Z"}
{"level":"\u001b[32minfo\u001b[39m","message":"{\"method\":\"GET\",\"url\":\"/api/users/search?query=\",\"status\":\"304\",\"responseTime\":\"1.594\"}","timestamp":"2024-06-19T04:57:32.686Z"}
{"level":"\u001b[32minfo\u001b[39m","message":"{\"method\":\"GET\",\"url\":\"/api/users/search?query=rohit\",\"status\":\"304\",\"responseTime\":\"231.773\"}","timestamp":"2024-06-19T04:58:01.577Z"}
{"level":"\u001b[32minfo\u001b[39m","message":"{\"method\":\"GET\",\"url\":\"/api/posts?page=6\",\"status\":\"304\",\"responseTime\":\"965.214\"}","timestamp":"2024-06-19T04:58:27.505Z"}
{"level":"\u001b[32minfo\u001b[39m","message":"{\"method\":\"GET\",\"url\":\"/api/posts?page=6\",\"status\":\"304\",\"responseTime\":\"1324.623\"}","timestamp":"2024-06-19T15:54:08.719Z"}
{"level":"\u001b[32minfo\u001b[39m","message":"{\"method\":\"GET\",\"url\":\"/api/user\",\"status\":\"304\",\"responseTime\":\"227.724\"}","timestamp":"2024-06-19T15:54:32.901Z"}
{"level":"\u001b[32minfo\u001b[39m","message":"{\"method\":\"GET\",\"url\":\"/api/posts/663c5a5ed4d2496be9c558b9?page=1&limit=22\",\"status\":\"304\",\"responseTime\":\"464.566\"}","timestamp":"2024-06-19T15:54:33.773Z"}
{"level":"\u001b[32minfo\u001b[39m","message":"{\"method\":\"GET\",\"url\":\"/api/posts?page=6\",\"status\":\"304\",\"responseTime\":\"901.383\"}","timestamp":"2024-06-19T15:55:05.983Z"}
{"level":"\u001b[32minfo\u001b[39m","message":"{\"method\":\"GET\",\"url\":\"/api/user\",\"status\":\"304\",\"responseTime\":\"217.909\"}","timestamp":"2024-06-19T15:55:07.632Z"}
{"level":"\u001b[32minfo\u001b[39m","message":"{\"method\":\"GET\",\"url\":\"/api/posts/663c5a5ed4d2496be9c558b9?page=1&limit=22\",\"status\":\"304\",\"responseTime\":\"438.350\"}","timestamp":"2024-06-19T15:55:08.515Z"}
{"level":"\u001b[32minfo\u001b[39m","message":"{\"method\":\"GET\",\"url\":\"/api/posts?page=6\",\"status\":\"304\",\"responseTime\":\"943.599\"}","timestamp":"2024-06-19T15:55:26.527Z"}
{"level":"\u001b[32minfo\u001b[39m","message":"{\"method\":\"GET\",\"url\":\"/api/posts?page=6\",\"status\":\"304\",\"responseTime\":\"908.963\"}","timestamp":"2024-06-19T15:55:47.734Z"}
{"level":"\u001b[32minfo\u001b[39m","message":"{\"method\":\"GET\",\"url\":\"/api/posts?page=6\",\"status\":\"304\",\"responseTime\":\"937.579\"}","timestamp":"2024-06-19T15:55:50.378Z"}
{"level":"\u001b[32minfo\u001b[39m","message":"{\"method\":\"GET\",\"url\":\"/api/posts?page=6\",\"status\":\"304\",\"responseTime\":\"917.826\"}","timestamp":"2024-06-19T15:55:53.738Z"}
{"level":"\u001b[32minfo\u001b[39m","message":"{\"method\":\"GET\",\"url\":\"/api/posts?page=6\",\"status\":\"304\",\"responseTime\":\"905.596\"}","timestamp":"2024-06-19T15:55:56.896Z"}
{"level":"\u001b[32minfo\u001b[39m","message":"{\"method\":\"GET\",\"url\":\"/api/posts?page=6\",\"status\":\"304\",\"responseTime\":\"910.350\"}","timestamp":"2024-06-19T15:56:01.874Z"}
{"level":"\u001b[32minfo\u001b[39m","message":"{\"method\":\"GET\",\"url\":\"/api/posts?page=6\",\"status\":\"304\",\"responseTime\":\"905.955\"}","timestamp":"2024-06-19T15:56:04.671Z"}
{"level":"\u001b[32minfo\u001b[39m","message":"{\"method\":\"GET\",\"url\":\"/api/posts?page=6\",\"status\":\"304\",\"responseTime\":\"902.905\"}","timestamp":"2024-06-19T15:56:15.744Z"}
{"level":"\u001b[32minfo\u001b[39m","message":"{\"method\":\"GET\",\"url\":\"/api/posts?page=6\",\"status\":\"304\",\"responseTime\":\"1078.995\"}","timestamp":"2024-06-19T15:56:20.835Z"}
{"level":"\u001b[32minfo\u001b[39m","message":"{\"method\":\"GET\",\"url\":\"/api/posts?page=6\",\"status\":\"304\",\"responseTime\":\"799.890\"}","timestamp":"2024-06-19T15:56:22.541Z"}
{"level":"\u001b[32minfo\u001b[39m","message":"{\"method\":\"GET\",\"url\":\"/api/posts?page=6\",\"status\":\"304\",\"responseTime\":\"933.436\"}","timestamp":"2024-06-19T15:56:27.433Z"}
{"level":"\u001b[32minfo\u001b[39m","message":"{\"method\":\"GET\",\"url\":\"/api/posts?page=6\",\"status\":\"304\",\"responseTime\":\"904.288\"}","timestamp":"2024-06-19T15:56:30.028Z"}
{"level":"\u001b[32minfo\u001b[39m","message":"{\"method\":\"GET\",\"url\":\"/api/posts?page=6\",\"status\":\"304\",\"responseTime\":\"920.686\"}","timestamp":"2024-06-19T15:56:54.370Z"}
{"level":"\u001b[32minfo\u001b[39m","message":"{\"method\":\"GET\",\"url\":\"/api/posts?page=6\",\"status\":\"304\",\"responseTime\":\"916.582\"}","timestamp":"2024-06-19T15:56:56.919Z"}
{"level":"\u001b[32minfo\u001b[39m","message":"{\"method\":\"GET\",\"url\":\"/api/user\",\"status\":\"304\",\"responseTime\":\"217.408\"}","timestamp":"2024-06-19T15:56:59.494Z"}
{"level":"\u001b[32minfo\u001b[39m","message":"{\"method\":\"GET\",\"url\":\"/api/posts/663c5a5ed4d2496be9c558b9?page=1&limit=22\",\"status\":\"304\",\"responseTime\":\"446.438\"}","timestamp":"2024-06-19T15:57:00.628Z"}
{"level":"\u001b[32minfo\u001b[39m","message":"{\"method\":\"GET\",\"url\":\"/api/posts?page=6\",\"status\":\"304\",\"responseTime\":\"909.117\"}","timestamp":"2024-06-19T15:58:08.519Z"}
{"level":"\u001b[32minfo\u001b[39m","message":"{\"method\":\"GET\",\"url\":\"/api/posts?page=6\",\"status\":\"304\",\"responseTime\":\"915.722\"}","timestamp":"2024-06-19T15:58:15.663Z"}
{"level":"\u001b[32minfo\u001b[39m","message":"{\"method\":\"GET\",\"url\":\"/api/posts?page=6\",\"status\":\"304\",\"responseTime\":\"1004.345\"}","timestamp":"2024-06-19T15:58:20.841Z"}
{"level":"\u001b[32minfo\u001b[39m","message":"{\"method\":\"GET\",\"url\":\"/api/user\",\"status\":\"304\",\"responseTime\":\"219.470\"}","timestamp":"2024-06-19T15:58:22.365Z"}
{"level":"\u001b[32minfo\u001b[39m","message":"{\"method\":\"GET\",\"url\":\"/api/posts/663c5a5ed4d2496be9c558b9?page=1&limit=22\",\"status\":\"304\",\"responseTime\":\"440.334\"}","timestamp":"2024-06-19T15:58:23.504Z"}
{"level":"\u001b[32minfo\u001b[39m","message":"{\"method\":\"GET\",\"url\":\"/api/posts/663c5a5ed4d2496be9c558b9?page=1&limit=22\",\"status\":\"304\",\"responseTime\":\"443.345\"}","timestamp":"2024-06-19T15:58:25.812Z"}
{"level":"\u001b[32minfo\u001b[39m","message":"{\"method\":\"GET\",\"url\":\"/api/posts/663c5a5ed4d2496be9c558b9?page=1&limit=22\",\"status\":\"304\",\"responseTime\":\"440.495\"}","timestamp":"2024-06-19T15:58:29.395Z"}
{"level":"\u001b[32minfo\u001b[39m","message":"{\"method\":\"GET\",\"url\":\"/api/posts/663c5a5ed4d2496be9c558b9?page=1&limit=22\",\"status\":\"304\",\"responseTime\":\"440.045\"}","timestamp":"2024-06-19T15:58:41.343Z"}
{"level":"\u001b[32minfo\u001b[39m","message":"{\"method\":\"GET\",\"url\":\"/api/posts/663c5a5ed4d2496be9c558b9?page=1&limit=22\",\"status\":\"304\",\"responseTime\":\"438.673\"}","timestamp":"2024-06-19T15:58:45.053Z"}
{"level":"\u001b[32minfo\u001b[39m","message":"{\"method\":\"GET\",\"url\":\"/api/posts/663c5a5ed4d2496be9c558b9?page=1&limit=22\",\"status\":\"304\",\"responseTime\":\"462.684\"}","timestamp":"2024-06-19T16:01:09.208Z"}
{"level":"\u001b[32minfo\u001b[39m","message":"{\"method\":\"GET\",\"url\":\"/api/posts/663c5a5ed4d2496be9c558b9?page=1&limit=22\",\"status\":\"304\",\"responseTime\":\"444.805\"}","timestamp":"2024-06-19T16:01:19.339Z"}
{"level":"\u001b[32minfo\u001b[39m","message":"{\"method\":\"GET\",\"url\":\"/api/posts/663c5a5ed4d2496be9c558b9?page=1&limit=22\",\"status\":\"304\",\"responseTime\":\"443.313\"}","timestamp":"2024-06-19T16:01:27.311Z"}
{"level":"\u001b[32minfo\u001b[39m","message":"{\"method\":\"GET\",\"url\":\"/api/posts/663c5a5ed4d2496be9c558b9?page=1&limit=22\",\"status\":\"304\",\"responseTime\":\"443.194\"}","timestamp":"2024-06-19T16:01:42.982Z"}
{"level":"\u001b[32minfo\u001b[39m","message":"{\"method\":\"GET\",\"url\":\"/api/posts/663c5a5ed4d2496be9c558b9?page=1&limit=22\",\"status\":\"304\",\"responseTime\":\"489.036\"}","timestamp":"2024-06-19T16:02:03.931Z"}
{"level":"\u001b[32minfo\u001b[39m","message":"{\"method\":\"GET\",\"url\":\"/api/users?page=1&limit=10\",\"status\":\"304\",\"responseTime\":\"251.717\"}","timestamp":"2024-06-19T16:04:41.469Z"}
{"level":"\u001b[32minfo\u001b[39m","message":"{\"method\":\"GET\",\"url\":\"/api/posts/663c5a5ed4d2496be9c558b9?page=1&limit=22\",\"status\":\"304\",\"responseTime\":\"479.479\"}","timestamp":"2024-06-19T16:05:00.956Z"}
{"level":"\u001b[32minfo\u001b[39m","message":"{\"method\":\"GET\",\"url\":\"/api/posts/663c5a5ed4d2496be9c558b9?page=1&limit=22\",\"status\":\"304\",\"responseTime\":\"445.087\"}","timestamp":"2024-06-19T16:05:26.049Z"}
{"level":"\u001b[32minfo\u001b[39m","message":"{\"method\":\"GET\",\"url\":\"/api/posts?page=6\",\"status\":\"304\",\"responseTime\":\"1357.767\"}","timestamp":"2024-06-19T16:07:28.943Z"}
{"level":"\u001b[32minfo\u001b[39m","message":"{\"method\":\"GET\",\"url\":\"/api/comments/664c7c5e4e2058a5837cd203\",\"status\":\"200\",\"responseTime\":\"228.736\"}","timestamp":"2024-06-19T16:11:00.308Z"}
{"level":"\u001b[32minfo\u001b[39m","message":"{\"method\":\"GET\",\"url\":\"/api/users/search?query=\",\"status\":\"304\",\"responseTime\":\"2.092\"}","timestamp":"2024-06-19T16:11:07.005Z"}
{"level":"\u001b[32minfo\u001b[39m","message":"{\"method\":\"GET\",\"url\":\"/api/posts/663c5a5ed4d2496be9c558b9?page=1&limit=22\",\"status\":\"304\",\"responseTime\":\"444.485\"}","timestamp":"2024-06-19T16:23:22.227Z"}
{"level":"\u001b[32minfo\u001b[39m","message":"{\"method\":\"GET\",\"url\":\"/api/posts/663c5a5ed4d2496be9c558b9?page=1&limit=22\",\"status\":\"304\",\"responseTime\":\"453.734\"}","timestamp":"2024-06-19T16:23:33.207Z"}
{"level":"\u001b[32minfo\u001b[39m","message":"{\"method\":\"GET\",\"url\":\"/api/posts/663c5a5ed4d2496be9c558b9?page=1&limit=22\",\"status\":\"304\",\"responseTime\":\"441.025\"}","timestamp":"2024-06-19T16:24:02.190Z"}
{"level":"\u001b[32minfo\u001b[39m","message":"{\"method\":\"GET\",\"url\":\"/api/posts/663c5a5ed4d2496be9c558b9?page=1&limit=22\",\"status\":\"304\",\"responseTime\":\"467.807\"}","timestamp":"2024-06-19T16:25:50.909Z"}
{"level":"\u001b[32minfo\u001b[39m","message":"{\"method\":\"GET\",\"url\":\"/api/posts/663c5a5ed4d2496be9c558b9?page=1&limit=22\",\"status\":\"304\",\"responseTime\":\"442.454\"}","timestamp":"2024-06-19T16:26:39.534Z"}
{"level":"\u001b[32minfo\u001b[39m","message":"{\"method\":\"GET\",\"url\":\"/api/posts/663c5a5ed4d2496be9c558b9?page=1&limit=22\",\"status\":\"304\",\"responseTime\":\"441.072\"}","timestamp":"2024-06-19T16:28:39.490Z"}
{"level":"\u001b[32minfo\u001b[39m","message":"{\"method\":\"GET\",\"url\":\"/api/posts/663c5a5ed4d2496be9c558b9?page=1&limit=22\",\"status\":\"304\",\"responseTime\":\"443.869\"}","timestamp":"2024-06-19T16:28:45.965Z"}
{"level":"\u001b[32minfo\u001b[39m","message":"{\"method\":\"GET\",\"url\":\"/api/posts/663c5a5ed4d2496be9c558b9?page=1&limit=22\",\"status\":\"304\",\"responseTime\":\"435.143\"}","timestamp":"2024-06-19T16:36:35.379Z"}
{"level":"\u001b[32minfo\u001b[39m","message":"{\"method\":\"GET\",\"url\":\"/api/posts/663c5a5ed4d2496be9c558b9?page=1&limit=22\",\"status\":\"304\",\"responseTime\":\"436.212\"}","timestamp":"2024-06-19T16:37:05.866Z"}
{"level":"\u001b[32minfo\u001b[39m","message":"{\"method\":\"GET\",\"url\":\"/api/posts/663c5a5ed4d2496be9c558b9?page=1&limit=22\",\"status\":\"304\",\"responseTime\":\"442.616\"}","timestamp":"2024-06-19T16:41:20.885Z"}
{"level":"\u001b[32minfo\u001b[39m","message":"{\"method\":\"GET\",\"url\":\"/api/posts/663c5a5ed4d2496be9c558b9?page=1&limit=22\",\"status\":\"304\",\"responseTime\":\"439.549\"}","timestamp":"2024-06-19T16:43:39.369Z"}
{"level":"\u001b[32minfo\u001b[39m","message":"{\"method\":\"GET\",\"url\":\"/api/posts/663c5a5ed4d2496be9c558b9?page=1&limit=22\",\"status\":\"304\",\"responseTime\":\"447.066\"}","timestamp":"2024-06-19T16:43:45.758Z"}
{"level":"\u001b[32minfo\u001b[39m","message":"{\"method\":\"GET\",\"url\":\"/api/posts/663c5a5ed4d2496be9c558b9?page=1&limit=22\",\"status\":\"304\",\"responseTime\":\"446.450\"}","timestamp":"2024-06-19T16:43:52.524Z"}
{"level":"\u001b[32minfo\u001b[39m","message":"{\"method\":\"GET\",\"url\":\"/api/posts/663c5a5ed4d2496be9c558b9?page=1&limit=22\",\"status\":\"304\",\"responseTime\":\"434.339\"}","timestamp":"2024-06-19T16:44:37.635Z"}
{"level":"\u001b[32minfo\u001b[39m","message":"{\"method\":\"GET\",\"url\":\"/api/posts?page=6\",\"status\":\"304\",\"responseTime\":\"1344.064\"}","timestamp":"2024-06-19T16:50:29.074Z"}
